<?xml version="1.0" encoding="UTF-8"?>
<coverage generated="1769801974696" clover="3.2.0">
  <project timestamp="1769801974696" name="All files">
    <metrics statements="238" coveredstatements="236" conditionals="143" coveredconditionals="137" methods="57" coveredmethods="57" elements="438" coveredelements="430" complexity="0" loc="238" ncloc="238" packages="4" files="6" classes="6"/>
    <package name="src">
      <metrics statements="8" coveredstatements="8" conditionals="5" coveredconditionals="5" methods="6" coveredmethods="6"/>
      <file name="test-utils.ts" path="C:\Users\aymer\Workspace\Web\2026\GGJ-2026\src\test-utils.ts">
        <metrics statements="8" coveredstatements="8" conditionals="5" coveredconditionals="5" methods="6" coveredmethods="6"/>
        <line num="10" count="133" type="stmt"/>
        <line num="21" count="30" type="stmt"/>
        <line num="25" count="54" type="stmt"/>
        <line num="26" count="54" type="stmt"/>
        <line num="27" count="108" type="stmt"/>
        <line num="29" count="54" type="stmt"/>
        <line num="33" count="442" type="cond" truecount="2" falsecount="0"/>
        <line num="37" count="442" type="stmt"/>
      </file>
    </package>
    <package name="src.ai">
      <metrics statements="45" coveredstatements="45" conditionals="31" coveredconditionals="30" methods="12" coveredmethods="12"/>
      <file name="AIPlayer.ts" path="C:\Users\aymer\Workspace\Web\2026\GGJ-2026\src\ai\AIPlayer.ts">
        <metrics statements="45" coveredstatements="45" conditionals="31" coveredconditionals="30" methods="12" coveredmethods="12"/>
        <line num="5" count="2" type="stmt"/>
        <line num="14" count="2" type="stmt"/>
        <line num="19" count="2" type="stmt"/>
        <line num="31" count="56" type="stmt"/>
        <line num="32" count="56" type="stmt"/>
        <line num="36" count="2" type="stmt"/>
        <line num="40" count="54" type="stmt"/>
        <line num="41" count="54" type="stmt"/>
        <line num="42" count="54" type="stmt"/>
        <line num="43" count="54" type="cond" truecount="2" falsecount="0"/>
        <line num="44" count="53" type="stmt"/>
        <line num="46" count="54" type="stmt"/>
        <line num="52" count="54" type="stmt"/>
        <line num="53" count="54" type="stmt"/>
        <line num="55" count="54" type="cond" truecount="2" falsecount="0"/>
        <line num="57" count="1033" type="stmt"/>
        <line num="63" count="3411" type="stmt"/>
        <line num="66" count="53" type="stmt"/>
        <line num="67" count="1033" type="stmt"/>
        <line num="69" count="53" type="stmt"/>
        <line num="70" count="53" type="stmt"/>
        <line num="74" count="1033" type="stmt"/>
        <line num="75" count="1033" type="stmt"/>
        <line num="78" count="1033" type="cond" truecount="2" falsecount="0"/>
        <line num="79" count="14" type="stmt"/>
        <line num="80" count="14" type="cond" truecount="1" falsecount="1"/>
        <line num="81" count="14" type="stmt"/>
        <line num="86" count="4038" type="cond" truecount="4" falsecount="0"/>
        <line num="87" count="86" type="stmt"/>
        <line num="88" count="9814" type="cond" truecount="4" falsecount="0"/>
        <line num="89" count="278" type="stmt"/>
        <line num="93" count="1033" type="stmt"/>
        <line num="94" count="1033" type="stmt"/>
        <line num="95" count="1033" type="cond" truecount="2" falsecount="0"/>
        <line num="96" count="14" type="stmt"/>
        <line num="98" count="1033" type="stmt"/>
        <line num="100" count="1033" type="cond" truecount="2" falsecount="0"/>
        <line num="101" count="1033" type="cond" truecount="2" falsecount="0"/>
        <line num="102" count="123" type="stmt"/>
        <line num="106" count="1033" type="stmt"/>
        <line num="107" count="1033" type="cond" truecount="4" falsecount="0"/>
        <line num="108" count="579" type="cond" truecount="4" falsecount="0"/>
        <line num="109" count="121" type="stmt"/>
        <line num="114" count="1033" type="stmt"/>
        <line num="116" count="1033" type="stmt"/>
      </file>
    </package>
    <package name="src.game">
      <metrics statements="82" coveredstatements="81" conditionals="48" coveredconditionals="45" methods="26" coveredmethods="26"/>
      <file name="Board.ts" path="C:\Users\aymer\Workspace\Web\2026\GGJ-2026\src\game\Board.ts">
        <metrics statements="26" coveredstatements="26" conditionals="15" coveredconditionals="15" methods="13" coveredmethods="13"/>
        <line num="5" count="4202" type="stmt"/>
        <line num="8" count="4202" type="stmt"/>
        <line num="12" count="5" type="stmt"/>
        <line num="16" count="87957" type="stmt"/>
        <line num="20" count="96" type="stmt"/>
        <line num="24" count="4127" type="stmt"/>
        <line num="28" count="140649" type="stmt"/>
        <line num="29" count="2521953" type="cond" truecount="4" falsecount="0"/>
        <line num="30" count="53458" type="stmt"/>
        <line num="33" count="87191" type="stmt"/>
        <line num="37" count="16" type="stmt"/>
        <line num="41" count="91066" type="stmt"/>
        <line num="45" count="4120" type="stmt"/>
        <line num="46" count="45497" type="cond" truecount="4" falsecount="0"/>
        <line num="47" count="4114" type="stmt"/>
        <line num="50" count="6" type="stmt"/>
        <line num="54" count="4104" type="stmt"/>
        <line num="55" count="4104" type="cond" truecount="2" falsecount="0"/>
        <line num="57" count="4103" type="stmt"/>
        <line num="58" count="4103" type="stmt"/>
        <line num="59" count="4103" type="stmt"/>
        <line num="63" count="212601" type="stmt"/>
        <line num="72" count="4006" type="stmt"/>
        <line num="73" count="4006" type="stmt"/>
        <line num="74" count="85989" type="stmt"/>
        <line num="79" count="4006" type="stmt"/>
      </file>
      <file name="Game.ts" path="C:\Users\aymer\Workspace\Web\2026\GGJ-2026\src\game\Game.ts">
        <metrics statements="56" coveredstatements="55" conditionals="33" coveredconditionals="30" methods="13" coveredmethods="13"/>
        <line num="12" count="108" type="stmt"/>
        <line num="13" count="108" type="stmt"/>
        <line num="14" count="108" type="stmt"/>
        <line num="15" count="108" type="stmt"/>
        <line num="18" count="108" type="stmt"/>
        <line num="19" count="108" type="stmt"/>
        <line num="20" count="108" type="stmt"/>
        <line num="21" count="108" type="stmt"/>
        <line num="24" count="108" type="stmt"/>
        <line num="28" count="1211" type="stmt"/>
        <line num="32" count="22" type="stmt"/>
        <line num="36" count="11" type="stmt"/>
        <line num="40" count="6" type="stmt"/>
        <line num="44" count="2" type="stmt"/>
        <line num="54" count="53" type="stmt"/>
        <line num="57" count="53" type="stmt"/>
        <line num="58" count="424" type="stmt"/>
        <line num="59" count="424" type="stmt"/>
        <line num="63" count="53" type="stmt"/>
        <line num="64" count="424" type="stmt"/>
        <line num="65" count="424" type="stmt"/>
        <line num="70" count="1696" type="stmt"/>
        <line num="81" count="4" type="cond" truecount="2" falsecount="0"/>
        <line num="82" count="3" type="cond" truecount="3" falsecount="1"/>
        <line num="83" count="3" type="stmt"/>
        <line num="87" count="2" type="stmt"/>
        <line num="88" count="2" type="cond" truecount="2" falsecount="0"/>
        <line num="89" count="1" type="stmt"/>
        <line num="93" count="100" type="cond" truecount="3" falsecount="1"/>
        <line num="94" count="0" type="stmt"/>
        <line num="97" count="100" type="stmt"/>
        <line num="98" count="100" type="cond" truecount="4" falsecount="0"/>
        <line num="99" count="2" type="stmt"/>
        <line num="102" count="98" type="cond" truecount="2" falsecount="0"/>
        <line num="103" count="1" type="stmt"/>
        <line num="107" count="97" type="stmt"/>
        <line num="108" count="97" type="cond" truecount="2" falsecount="0"/>
        <line num="109" count="20" type="stmt"/>
        <line num="110" count="20" type="stmt"/>
        <line num="111" count="20" type="stmt"/>
        <line num="115" count="97" type="stmt"/>
        <line num="116" count="97" type="stmt"/>
        <line num="119" count="97" type="stmt"/>
        <line num="122" count="100" type="stmt"/>
        <line num="125" count="100" type="stmt"/>
        <line num="127" count="100" type="cond" truecount="2" falsecount="0"/>
        <line num="128" count="2" type="cond" truecount="1" falsecount="1"/>
        <line num="129" count="2" type="stmt"/>
        <line num="130" count="95" type="cond" truecount="2" falsecount="0"/>
        <line num="131" count="2" type="stmt"/>
        <line num="135" count="97" type="stmt"/>
        <line num="137" count="100" type="stmt"/>
        <line num="141" count="97" type="cond" truecount="2" falsecount="0"/>
        <line num="142" count="97" type="cond" truecount="2" falsecount="0"/>
        <line num="143" count="20" type="stmt"/>
        <line num="148" count="13" type="cond" truecount="2" falsecount="0"/>
      </file>
    </package>
    <package name="src.game.pieces">
      <metrics statements="103" coveredstatements="102" conditionals="59" coveredconditionals="57" methods="13" coveredmethods="13"/>
      <file name="MoveValidator.ts" path="C:\Users\aymer\Workspace\Web\2026\GGJ-2026\src\game\pieces\MoveValidator.ts">
        <metrics statements="35" coveredstatements="35" conditionals="20" coveredconditionals="19" methods="6" coveredmethods="6"/>
        <line num="6" count="4114" type="stmt"/>
        <line num="7" count="4114" type="cond" truecount="2" falsecount="0"/>
        <line num="9" count="4109" type="cond" truecount="2" falsecount="0"/>
        <line num="10" count="4114" type="stmt"/>
        <line num="12" count="4114" type="stmt"/>
        <line num="16" count="2971" type="stmt"/>
        <line num="17" count="2971" type="stmt"/>
        <line num="18" count="10378" type="cond" truecount="2" falsecount="0"/>
        <line num="21" count="2971" type="cond" truecount="2" falsecount="0"/>
        <line num="24" count="2969" type="stmt"/>
        <line num="25" count="2969" type="stmt"/>
        <line num="26" count="2969" type="cond" truecount="1" falsecount="1"/>
        <line num="29" count="2969" type="stmt"/>
        <line num="30" count="2969" type="cond" truecount="2" falsecount="0"/>
        <line num="31" count="60" type="stmt"/>
        <line num="35" count="2969" type="stmt"/>
        <line num="38" count="2969" type="stmt"/>
        <line num="42" count="1456" type="stmt"/>
        <line num="43" count="1456" type="stmt"/>
        <line num="45" count="1456" type="stmt"/>
        <line num="46" count="2867" type="cond" truecount="2" falsecount="0"/>
        <line num="47" count="2700" type="stmt"/>
        <line num="48" count="2700" type="stmt"/>
        <line num="57" count="1456" type="stmt"/>
        <line num="61" count="159" type="stmt"/>
        <line num="62" count="159" type="stmt"/>
        <line num="64" count="159" type="stmt"/>
        <line num="65" count="1449" type="stmt"/>
        <line num="66" count="1449" type="stmt"/>
        <line num="69" count="159" type="stmt"/>
        <line num="73" count="103" type="stmt"/>
        <line num="74" count="103" type="stmt"/>
        <line num="76" count="103" type="cond" truecount="2" falsecount="0"/>
        <line num="77" count="7" type="cond" truecount="2" falsecount="0"/>
        <line num="80" count="96" type="cond" truecount="2" falsecount="0"/>
      </file>
      <file name="MovementRules.ts" path="C:\Users\aymer\Workspace\Web\2026\GGJ-2026\src\game\pieces\MovementRules.ts">
        <metrics statements="68" coveredstatements="67" conditionals="39" coveredconditionals="38" methods="7" coveredmethods="7"/>
        <line num="5" count="5" type="stmt"/>
        <line num="11" count="5" type="stmt"/>
        <line num="18" count="5" type="stmt"/>
        <line num="22" count="5" type="stmt"/>
        <line num="26" count="5" type="stmt"/>
        <line num="32" count="27713" type="cond" truecount="6" falsecount="1"/>
        <line num="34" count="4562" type="stmt"/>
        <line num="36" count="3972" type="stmt"/>
        <line num="38" count="5721" type="stmt"/>
        <line num="40" count="5637" type="stmt"/>
        <line num="42" count="5801" type="stmt"/>
        <line num="44" count="2020" type="stmt"/>
        <line num="46" count="0" type="stmt"/>
        <line num="51" count="10363" type="stmt"/>
        <line num="52" count="10363" type="stmt"/>
        <line num="54" count="10363" type="stmt"/>
        <line num="55" count="82904" type="stmt"/>
        <line num="57" count="82904" type="cond" truecount="2" falsecount="0"/>
        <line num="59" count="45062" type="stmt"/>
        <line num="60" count="45062" type="cond" truecount="4" falsecount="0"/>
        <line num="61" count="27504" type="stmt"/>
        <line num="65" count="10363" type="stmt"/>
        <line num="69" count="15330" type="stmt"/>
        <line num="70" count="15330" type="stmt"/>
        <line num="72" count="15330" type="stmt"/>
        <line num="73" count="77208" type="stmt"/>
        <line num="74" count="77208" type="stmt"/>
        <line num="76" count="77208" type="stmt"/>
        <line num="77" count="81211" type="stmt"/>
        <line num="79" count="81211" type="cond" truecount="2" falsecount="0"/>
        <line num="80" count="46420" type="stmt"/>
        <line num="82" count="34791" type="cond" truecount="2" falsecount="0"/>
        <line num="83" count="1321" type="stmt"/>
        <line num="85" count="34791" type="stmt"/>
        <line num="88" count="46420" type="stmt"/>
        <line num="89" count="46420" type="stmt"/>
        <line num="93" count="15330" type="stmt"/>
        <line num="97" count="2020" type="stmt"/>
        <line num="98" count="2020" type="stmt"/>
        <line num="99" count="2020" type="cond" truecount="2" falsecount="0"/>
        <line num="100" count="2020" type="cond" truecount="2" falsecount="0"/>
        <line num="103" count="2020" type="stmt"/>
        <line num="104" count="2020" type="cond" truecount="4" falsecount="0"/>
        <line num="105" count="1981" type="stmt"/>
        <line num="108" count="1981" type="cond" truecount="2" falsecount="0"/>
        <line num="109" count="1954" type="stmt"/>
        <line num="110" count="1954" type="cond" truecount="2" falsecount="0"/>
        <line num="111" count="1947" type="stmt"/>
        <line num="117" count="2020" type="stmt"/>
        <line num="122" count="2020" type="stmt"/>
        <line num="123" count="4040" type="cond" truecount="2" falsecount="0"/>
        <line num="125" count="3522" type="stmt"/>
        <line num="126" count="3522" type="cond" truecount="4" falsecount="0"/>
        <line num="127" count="31" type="stmt"/>
        <line num="131" count="2020" type="stmt"/>
        <line num="135" count="4112" type="stmt"/>
        <line num="136" count="4112" type="stmt"/>
        <line num="138" count="4112" type="stmt"/>
        <line num="139" count="44129" type="stmt"/>
        <line num="140" count="44129" type="stmt"/>
        <line num="141" count="100005" type="stmt"/>
        <line num="145" count="4112" type="stmt"/>
        <line num="149" count="44129" type="cond" truecount="2" falsecount="0"/>
        <line num="150" count="20869" type="stmt"/>
        <line num="152" count="23260" type="stmt"/>
        <line num="156" count="20869" type="stmt"/>
        <line num="157" count="20869" type="cond" truecount="2" falsecount="0"/>
        <line num="159" count="20869" type="stmt"/>
      </file>
    </package>
  </project>
</coverage>
