{"C:\\Users\\aymer\\Workspace\\Web\\2026\\GGJ-2026\\src\\test-utils.ts": {"path":"C:\\Users\\aymer\\Workspace\\Web\\2026\\GGJ-2026\\src\\test-utils.ts","statementMap":{"0":{"start":{"line":10,"column":2},"end":{"line":17,"column":null}},"1":{"start":{"line":21,"column":2},"end":{"line":21,"column":null}},"2":{"start":{"line":25,"column":16},"end":{"line":25,"column":null}},"3":{"start":{"line":26,"column":2},"end":{"line":28,"column":null}},"4":{"start":{"line":27,"column":4},"end":{"line":27,"column":null}},"5":{"start":{"line":29,"column":2},"end":{"line":29,"column":null}},"6":{"start":{"line":33,"column":2},"end":{"line":33,"column":null}},"7":{"start":{"line":37,"column":2},"end":{"line":37,"column":null}},"8":{"start":{"line":37,"column":29},"end":{"line":37,"column":54}}},"fnMap":{"0":{"name":"createPiece","decl":{"start":{"line":4,"column":16},"end":{"line":4,"column":null}},"loc":{"start":{"line":9,"column":14},"end":{"line":18,"column":null}},"line":9},"1":{"name":"setupEmptyBoard","decl":{"start":{"line":20,"column":16},"end":{"line":20,"column":32}},"loc":{"start":{"line":20,"column":49},"end":{"line":22,"column":null}},"line":20},"2":{"name":"setupBoardWithPieces","decl":{"start":{"line":24,"column":16},"end":{"line":24,"column":37}},"loc":{"start":{"line":24,"column":76},"end":{"line":30,"column":null}},"line":24},"3":{"name":"positionEquals","decl":{"start":{"line":32,"column":16},"end":{"line":32,"column":31}},"loc":{"start":{"line":32,"column":66},"end":{"line":34,"column":null}},"line":32},"4":{"name":"containsPosition","decl":{"start":{"line":36,"column":16},"end":{"line":36,"column":33}},"loc":{"start":{"line":36,"column":83},"end":{"line":38,"column":null}},"line":36},"5":{"name":"(anonymous_5)","decl":{"start":{"line":37,"column":24},"end":{"line":37,"column":29}},"loc":{"start":{"line":37,"column":29},"end":{"line":37,"column":54}},"line":37}},"branchMap":{"0":{"loc":{"start":{"line":8,"column":2},"end":{"line":8,"column":null}},"type":"default-arg","locations":[{"start":{"line":8,"column":13},"end":{"line":8,"column":null}}],"line":8},"1":{"loc":{"start":{"line":20,"column":32},"end":{"line":20,"column":49}},"type":"default-arg","locations":[{"start":{"line":20,"column":39},"end":{"line":20,"column":49}}],"line":20},"2":{"loc":{"start":{"line":24,"column":59},"end":{"line":24,"column":76}},"type":"default-arg","locations":[{"start":{"line":24,"column":66},"end":{"line":24,"column":76}}],"line":24},"3":{"loc":{"start":{"line":33,"column":9},"end":{"line":33,"column":null}},"type":"binary-expr","locations":[{"start":{"line":33,"column":9},"end":{"line":33,"column":24}},{"start":{"line":33,"column":24},"end":{"line":33,"column":null}}],"line":33}},"s":{"0":133,"1":30,"2":54,"3":54,"4":108,"5":54,"6":442,"7":72,"8":442},"f":{"0":133,"1":30,"2":54,"3":442,"4":72,"5":442},"b":{"0":[133],"1":[30],"2":[54],"3":[442,128]},"meta":{"lastBranch":4,"lastFunction":6,"lastStatement":9,"seen":{"f:4:16:4:Infinity":0,"b:8:13:8:Infinity":0,"s:10:2:17:Infinity":0,"f:20:16:20:32":1,"b:20:39:20:49":1,"s:21:2:21:Infinity":1,"f:24:16:24:37":2,"b:24:66:24:76":2,"s:25:16:25:Infinity":2,"s:26:2:28:Infinity":3,"s:27:4:27:Infinity":4,"s:29:2:29:Infinity":5,"f:32:16:32:31":3,"s:33:2:33:Infinity":6,"b:33:9:33:24:33:24:33:Infinity":3,"f:36:16:36:33":4,"s:37:2:37:Infinity":7,"f:37:24:37:29":5,"s:37:29:37:54":8}}}
,"C:\\Users\\aymer\\Workspace\\Web\\2026\\GGJ-2026\\src\\ai\\AIPlayer.ts": {"path":"C:\\Users\\aymer\\Workspace\\Web\\2026\\GGJ-2026\\src\\ai\\AIPlayer.ts","statementMap":{"0":{"start":{"line":5,"column":48},"end":{"line":12,"column":null}},"1":{"start":{"line":14,"column":23},"end":{"line":17,"column":null}},"2":{"start":{"line":19,"column":24},"end":{"line":24,"column":null}},"3":{"start":{"line":31,"column":4},"end":{"line":31,"column":null}},"4":{"start":{"line":32,"column":4},"end":{"line":32,"column":null}},"5":{"start":{"line":36,"column":4},"end":{"line":36,"column":null}},"6":{"start":{"line":40,"column":4},"end":{"line":48,"column":null}},"7":{"start":{"line":41,"column":6},"end":{"line":47,"column":null}},"8":{"start":{"line":42,"column":21},"end":{"line":42,"column":null}},"9":{"start":{"line":43,"column":8},"end":{"line":45,"column":null}},"10":{"start":{"line":44,"column":10},"end":{"line":44,"column":null}},"11":{"start":{"line":46,"column":8},"end":{"line":46,"column":null}},"12":{"start":{"line":52,"column":18},"end":{"line":52,"column":null}},"13":{"start":{"line":53,"column":10},"end":{"line":53,"column":null}},"14":{"start":{"line":55,"column":4},"end":{"line":55,"column":null}},"15":{"start":{"line":55,"column":33},"end":{"line":55,"column":null}},"16":{"start":{"line":57,"column":24},"end":{"line":60,"column":null}},"17":{"start":{"line":57,"column":50},"end":{"line":60,"column":6}},"18":{"start":{"line":63,"column":4},"end":{"line":63,"column":null}},"19":{"start":{"line":63,"column":31},"end":{"line":63,"column":48}},"20":{"start":{"line":66,"column":21},"end":{"line":66,"column":null}},"21":{"start":{"line":67,"column":21},"end":{"line":67,"column":null}},"22":{"start":{"line":67,"column":47},"end":{"line":67,"column":72}},"23":{"start":{"line":69,"column":24},"end":{"line":69,"column":null}},"24":{"start":{"line":70,"column":4},"end":{"line":70,"column":null}},"25":{"start":{"line":74,"column":16},"end":{"line":74,"column":null}},"26":{"start":{"line":75,"column":18},"end":{"line":75,"column":null}},"27":{"start":{"line":78,"column":4},"end":{"line":83,"column":null}},"28":{"start":{"line":79,"column":28},"end":{"line":79,"column":null}},"29":{"start":{"line":80,"column":6},"end":{"line":82,"column":null}},"30":{"start":{"line":81,"column":8},"end":{"line":81,"column":null}},"31":{"start":{"line":86,"column":4},"end":{"line":90,"column":null}},"32":{"start":{"line":86,"column":36},"end":{"line":86,"column":76}},"33":{"start":{"line":87,"column":6},"end":{"line":87,"column":null}},"34":{"start":{"line":88,"column":4},"end":{"line":90,"column":null}},"35":{"start":{"line":88,"column":44},"end":{"line":88,"column":84}},"36":{"start":{"line":89,"column":6},"end":{"line":89,"column":null}},"37":{"start":{"line":93,"column":24},"end":{"line":93,"column":null}},"38":{"start":{"line":94,"column":26},"end":{"line":94,"column":null}},"39":{"start":{"line":95,"column":4},"end":{"line":97,"column":null}},"40":{"start":{"line":96,"column":6},"end":{"line":96,"column":null}},"41":{"start":{"line":98,"column":4},"end":{"line":98,"column":null}},"42":{"start":{"line":100,"column":23},"end":{"line":100,"column":null}},"43":{"start":{"line":101,"column":4},"end":{"line":103,"column":null}},"44":{"start":{"line":102,"column":6},"end":{"line":102,"column":null}},"45":{"start":{"line":106,"column":18},"end":{"line":106,"column":null}},"46":{"start":{"line":107,"column":4},"end":{"line":111,"column":null}},"47":{"start":{"line":108,"column":6},"end":{"line":110,"column":null}},"48":{"start":{"line":109,"column":8},"end":{"line":109,"column":null}},"49":{"start":{"line":114,"column":4},"end":{"line":114,"column":null}},"50":{"start":{"line":116,"column":4},"end":{"line":116,"column":null}}},"fnMap":{"0":{"name":"(anonymous_0)","decl":{"start":{"line":30,"column":2},"end":{"line":30,"column":14}},"loc":{"start":{"line":30,"column":63},"end":{"line":33,"column":null}},"line":30},"1":{"name":"(anonymous_1)","decl":{"start":{"line":35,"column":2},"end":{"line":35,"column":26}},"loc":{"start":{"line":35,"column":26},"end":{"line":37,"column":null}},"line":35},"2":{"name":"(anonymous_2)","decl":{"start":{"line":39,"column":2},"end":{"line":39,"column":11}},"loc":{"start":{"line":39,"column":45},"end":{"line":49,"column":null}},"line":39},"3":{"name":"(anonymous_3)","decl":{"start":{"line":40,"column":23},"end":{"line":40,"column":24}},"loc":{"start":{"line":40,"column":36},"end":{"line":48,"column":5}},"line":40},"4":{"name":"(anonymous_4)","decl":{"start":{"line":41,"column":17},"end":{"line":41,"column":23}},"loc":{"start":{"line":41,"column":23},"end":{"line":47,"column":9}},"line":41},"5":{"name":"(anonymous_5)","decl":{"start":{"line":51,"column":10},"end":{"line":51,"column":28}},"loc":{"start":{"line":51,"column":53},"end":{"line":71,"column":null}},"line":51},"6":{"name":"(anonymous_6)","decl":{"start":{"line":57,"column":39},"end":{"line":57,"column":40}},"loc":{"start":{"line":57,"column":50},"end":{"line":60,"column":6}},"line":57},"7":{"name":"(anonymous_7)","decl":{"start":{"line":63,"column":21},"end":{"line":63,"column":22}},"loc":{"start":{"line":63,"column":31},"end":{"line":63,"column":48}},"line":63},"8":{"name":"(anonymous_8)","decl":{"start":{"line":67,"column":40},"end":{"line":67,"column":41}},"loc":{"start":{"line":67,"column":47},"end":{"line":67,"column":72}},"line":67},"9":{"name":"(anonymous_9)","decl":{"start":{"line":73,"column":10},"end":{"line":73,"column":23}},"loc":{"start":{"line":73,"column":55},"end":{"line":117,"column":null}},"line":73},"10":{"name":"(anonymous_10)","decl":{"start":{"line":86,"column":28},"end":{"line":86,"column":29}},"loc":{"start":{"line":86,"column":36},"end":{"line":86,"column":76}},"line":86},"11":{"name":"(anonymous_11)","decl":{"start":{"line":88,"column":36},"end":{"line":88,"column":37}},"loc":{"start":{"line":88,"column":44},"end":{"line":88,"column":84}},"line":88}},"branchMap":{"0":{"loc":{"start":{"line":30,"column":34},"end":{"line":30,"column":63}},"type":"default-arg","locations":[{"start":{"line":30,"column":58},"end":{"line":30,"column":63}}],"line":30},"1":{"loc":{"start":{"line":43,"column":8},"end":{"line":45,"column":null}},"type":"if","locations":[{"start":{"line":43,"column":8},"end":{"line":45,"column":null}},{"start":{},"end":{}}],"line":43},"2":{"loc":{"start":{"line":55,"column":4},"end":{"line":55,"column":null}},"type":"if","locations":[{"start":{"line":55,"column":4},"end":{"line":55,"column":null}},{"start":{},"end":{}}],"line":55},"3":{"loc":{"start":{"line":78,"column":4},"end":{"line":83,"column":null}},"type":"if","locations":[{"start":{"line":78,"column":4},"end":{"line":83,"column":null}},{"start":{},"end":{}}],"line":78},"4":{"loc":{"start":{"line":80,"column":6},"end":{"line":82,"column":null}},"type":"if","locations":[{"start":{"line":80,"column":6},"end":{"line":82,"column":null}},{"start":{},"end":{}}],"line":80},"5":{"loc":{"start":{"line":86,"column":4},"end":{"line":90,"column":null}},"type":"if","locations":[{"start":{"line":86,"column":4},"end":{"line":90,"column":null}},{"start":{"line":88,"column":4},"end":{"line":90,"column":null}}],"line":86},"6":{"loc":{"start":{"line":86,"column":36},"end":{"line":86,"column":76}},"type":"binary-expr","locations":[{"start":{"line":86,"column":36},"end":{"line":86,"column":58}},{"start":{"line":86,"column":58},"end":{"line":86,"column":76}}],"line":86},"7":{"loc":{"start":{"line":88,"column":4},"end":{"line":90,"column":null}},"type":"if","locations":[{"start":{"line":88,"column":4},"end":{"line":90,"column":null}},{"start":{},"end":{}}],"line":88},"8":{"loc":{"start":{"line":88,"column":44},"end":{"line":88,"column":84}},"type":"binary-expr","locations":[{"start":{"line":88,"column":44},"end":{"line":88,"column":66}},{"start":{"line":88,"column":66},"end":{"line":88,"column":84}}],"line":88},"9":{"loc":{"start":{"line":95,"column":4},"end":{"line":97,"column":null}},"type":"if","locations":[{"start":{"line":95,"column":4},"end":{"line":97,"column":null}},{"start":{},"end":{}}],"line":95},"10":{"loc":{"start":{"line":100,"column":23},"end":{"line":100,"column":null}},"type":"cond-expr","locations":[{"start":{"line":100,"column":48},"end":{"line":100,"column":58}},{"start":{"line":100,"column":58},"end":{"line":100,"column":null}}],"line":100},"11":{"loc":{"start":{"line":101,"column":4},"end":{"line":103,"column":null}},"type":"if","locations":[{"start":{"line":101,"column":4},"end":{"line":103,"column":null}},{"start":{},"end":{}}],"line":101},"12":{"loc":{"start":{"line":107,"column":4},"end":{"line":111,"column":null}},"type":"if","locations":[{"start":{"line":107,"column":4},"end":{"line":111,"column":null}},{"start":{},"end":{}}],"line":107},"13":{"loc":{"start":{"line":107,"column":8},"end":{"line":107,"column":34}},"type":"binary-expr","locations":[{"start":{"line":107,"column":8},"end":{"line":107,"column":17}},{"start":{"line":107,"column":17},"end":{"line":107,"column":34}}],"line":107},"14":{"loc":{"start":{"line":108,"column":6},"end":{"line":110,"column":null}},"type":"if","locations":[{"start":{"line":108,"column":6},"end":{"line":110,"column":null}},{"start":{},"end":{}}],"line":108},"15":{"loc":{"start":{"line":108,"column":10},"end":{"line":108,"column":62}},"type":"binary-expr","locations":[{"start":{"line":108,"column":10},"end":{"line":108,"column":37}},{"start":{"line":108,"column":37},"end":{"line":108,"column":62}}],"line":108}},"s":{"0":2,"1":2,"2":2,"3":56,"4":56,"5":2,"6":54,"7":54,"8":54,"9":54,"10":53,"11":54,"12":54,"13":54,"14":54,"15":1,"16":53,"17":1033,"18":53,"19":3411,"20":53,"21":53,"22":1033,"23":53,"24":53,"25":1033,"26":1033,"27":1033,"28":14,"29":14,"30":14,"31":1033,"32":4038,"33":86,"34":947,"35":9814,"36":278,"37":1033,"38":1033,"39":1033,"40":14,"41":1033,"42":1033,"43":1033,"44":123,"45":1033,"46":1033,"47":579,"48":121,"49":1033,"50":1033},"f":{"0":56,"1":2,"2":54,"3":54,"4":54,"5":54,"6":1033,"7":3411,"8":1033,"9":1033,"10":4038,"11":9814},"b":{"0":[56],"1":[53,1],"2":[1,53],"3":[14,1019],"4":[14,0],"5":[86,947],"6":[4038,568],"7":[278,669],"8":[9814,1198],"9":[14,1019],"10":[906,127],"11":[123,910],"12":[579,454],"13":[1033,1033],"14":[121,458],"15":[579,474]},"meta":{"lastBranch":16,"lastFunction":12,"lastStatement":51,"seen":{"s:5:48:12:Infinity":0,"s:14:23:17:Infinity":1,"s:19:24:24:Infinity":2,"f:30:2:30:14":0,"b:30:58:30:63":0,"s:31:4:31:Infinity":3,"s:32:4:32:Infinity":4,"f:35:2:35:26":1,"s:36:4:36:Infinity":5,"f:39:2:39:11":2,"s:40:4:48:Infinity":6,"f:40:23:40:24":3,"s:41:6:47:Infinity":7,"f:41:17:41:23":4,"s:42:21:42:Infinity":8,"b:43:8:45:Infinity:undefined:undefined:undefined:undefined":1,"s:43:8:45:Infinity":9,"s:44:10:44:Infinity":10,"s:46:8:46:Infinity":11,"f:51:10:51:28":5,"s:52:18:52:Infinity":12,"s:53:10:53:Infinity":13,"b:55:4:55:Infinity:undefined:undefined:undefined:undefined":2,"s:55:4:55:Infinity":14,"s:55:33:55:Infinity":15,"s:57:24:60:Infinity":16,"f:57:39:57:40":6,"s:57:50:60:6":17,"s:63:4:63:Infinity":18,"f:63:21:63:22":7,"s:63:31:63:48":19,"s:66:21:66:Infinity":20,"s:67:21:67:Infinity":21,"f:67:40:67:41":8,"s:67:47:67:72":22,"s:69:24:69:Infinity":23,"s:70:4:70:Infinity":24,"f:73:10:73:23":9,"s:74:16:74:Infinity":25,"s:75:18:75:Infinity":26,"b:78:4:83:Infinity:undefined:undefined:undefined:undefined":3,"s:78:4:83:Infinity":27,"s:79:28:79:Infinity":28,"b:80:6:82:Infinity:undefined:undefined:undefined:undefined":4,"s:80:6:82:Infinity":29,"s:81:8:81:Infinity":30,"b:86:4:90:Infinity:88:4:90:Infinity":5,"s:86:4:90:Infinity":31,"f:86:28:86:29":10,"s:86:36:86:76":32,"b:86:36:86:58:86:58:86:76":6,"s:87:6:87:Infinity":33,"b:88:4:90:Infinity:undefined:undefined:undefined:undefined":7,"s:88:4:90:Infinity":34,"f:88:36:88:37":11,"s:88:44:88:84":35,"b:88:44:88:66:88:66:88:84":8,"s:89:6:89:Infinity":36,"s:93:24:93:Infinity":37,"s:94:26:94:Infinity":38,"b:95:4:97:Infinity:undefined:undefined:undefined:undefined":9,"s:95:4:97:Infinity":39,"s:96:6:96:Infinity":40,"s:98:4:98:Infinity":41,"s:100:23:100:Infinity":42,"b:100:48:100:58:100:58:100:Infinity":10,"b:101:4:103:Infinity:undefined:undefined:undefined:undefined":11,"s:101:4:103:Infinity":43,"s:102:6:102:Infinity":44,"s:106:18:106:Infinity":45,"b:107:4:111:Infinity:undefined:undefined:undefined:undefined":12,"s:107:4:111:Infinity":46,"b:107:8:107:17:107:17:107:34":13,"b:108:6:110:Infinity:undefined:undefined:undefined:undefined":14,"s:108:6:110:Infinity":47,"b:108:10:108:37:108:37:108:62":15,"s:109:8:109:Infinity":48,"s:114:4:114:Infinity":49,"s:116:4:116:Infinity":50}}}
,"C:\\Users\\aymer\\Workspace\\Web\\2026\\GGJ-2026\\src\\game\\Board.ts": {"path":"C:\\Users\\aymer\\Workspace\\Web\\2026\\GGJ-2026\\src\\game\\Board.ts","statementMap":{"0":{"start":{"line":5,"column":44},"end":{"line":5,"column":null}},"1":{"start":{"line":8,"column":4},"end":{"line":8,"column":null}},"2":{"start":{"line":12,"column":4},"end":{"line":12,"column":null}},"3":{"start":{"line":16,"column":4},"end":{"line":16,"column":null}},"4":{"start":{"line":20,"column":4},"end":{"line":20,"column":null}},"5":{"start":{"line":24,"column":4},"end":{"line":24,"column":null}},"6":{"start":{"line":28,"column":4},"end":{"line":32,"column":null}},"7":{"start":{"line":29,"column":6},"end":{"line":31,"column":null}},"8":{"start":{"line":30,"column":8},"end":{"line":30,"column":null}},"9":{"start":{"line":33,"column":4},"end":{"line":33,"column":null}},"10":{"start":{"line":37,"column":4},"end":{"line":37,"column":null}},"11":{"start":{"line":41,"column":4},"end":{"line":41,"column":null}},"12":{"start":{"line":41,"column":58},"end":{"line":41,"column":75}},"13":{"start":{"line":45,"column":4},"end":{"line":49,"column":null}},"14":{"start":{"line":46,"column":6},"end":{"line":48,"column":null}},"15":{"start":{"line":47,"column":8},"end":{"line":47,"column":null}},"16":{"start":{"line":50,"column":4},"end":{"line":50,"column":null}},"17":{"start":{"line":54,"column":18},"end":{"line":54,"column":null}},"18":{"start":{"line":55,"column":4},"end":{"line":55,"column":null}},"19":{"start":{"line":55,"column":16},"end":{"line":55,"column":null}},"20":{"start":{"line":57,"column":4},"end":{"line":57,"column":null}},"21":{"start":{"line":58,"column":4},"end":{"line":58,"column":null}},"22":{"start":{"line":59,"column":4},"end":{"line":59,"column":null}},"23":{"start":{"line":63,"column":4},"end":{"line":67,"column":null}},"24":{"start":{"line":72,"column":19},"end":{"line":72,"column":null}},"25":{"start":{"line":73,"column":4},"end":{"line":78,"column":null}},"26":{"start":{"line":74,"column":6},"end":{"line":77,"column":null}},"27":{"start":{"line":79,"column":4},"end":{"line":79,"column":null}}},"fnMap":{"0":{"name":"(anonymous_0)","decl":{"start":{"line":7,"column":2},"end":{"line":7,"column":14}},"loc":{"start":{"line":7,"column":32},"end":{"line":9,"column":null}},"line":7},"1":{"name":"(anonymous_1)","decl":{"start":{"line":11,"column":2},"end":{"line":11,"column":20}},"loc":{"start":{"line":11,"column":20},"end":{"line":13,"column":null}},"line":11},"2":{"name":"(anonymous_2)","decl":{"start":{"line":15,"column":2},"end":{"line":15,"column":11}},"loc":{"start":{"line":15,"column":36},"end":{"line":17,"column":null}},"line":15},"3":{"name":"(anonymous_3)","decl":{"start":{"line":19,"column":2},"end":{"line":19,"column":14}},"loc":{"start":{"line":19,"column":37},"end":{"line":21,"column":null}},"line":19},"4":{"name":"(anonymous_4)","decl":{"start":{"line":23,"column":2},"end":{"line":23,"column":11}},"loc":{"start":{"line":23,"column":52},"end":{"line":25,"column":null}},"line":23},"5":{"name":"(anonymous_5)","decl":{"start":{"line":27,"column":2},"end":{"line":27,"column":13}},"loc":{"start":{"line":27,"column":57},"end":{"line":34,"column":null}},"line":27},"6":{"name":"(anonymous_6)","decl":{"start":{"line":36,"column":2},"end":{"line":36,"column":31}},"loc":{"start":{"line":36,"column":31},"end":{"line":38,"column":null}},"line":36},"7":{"name":"(anonymous_7)","decl":{"start":{"line":40,"column":2},"end":{"line":40,"column":19}},"loc":{"start":{"line":40,"column":53},"end":{"line":42,"column":null}},"line":40},"8":{"name":"(anonymous_8)","decl":{"start":{"line":41,"column":51},"end":{"line":41,"column":52}},"loc":{"start":{"line":41,"column":58},"end":{"line":41,"column":75}},"line":41},"9":{"name":"(anonymous_9)","decl":{"start":{"line":44,"column":2},"end":{"line":44,"column":12}},"loc":{"start":{"line":44,"column":73},"end":{"line":51,"column":null}},"line":44},"10":{"name":"(anonymous_10)","decl":{"start":{"line":53,"column":2},"end":{"line":53,"column":12}},"loc":{"start":{"line":53,"column":61},"end":{"line":60,"column":null}},"line":53},"11":{"name":"(anonymous_11)","decl":{"start":{"line":62,"column":2},"end":{"line":62,"column":18}},"loc":{"start":{"line":62,"column":47},"end":{"line":69,"column":null}},"line":62},"12":{"name":"(anonymous_12)","decl":{"start":{"line":71,"column":2},"end":{"line":71,"column":17}},"loc":{"start":{"line":71,"column":17},"end":{"line":80,"column":null}},"line":71}},"branchMap":{"0":{"loc":{"start":{"line":7,"column":14},"end":{"line":7,"column":32}},"type":"default-arg","locations":[{"start":{"line":7,"column":29},"end":{"line":7,"column":32}}],"line":7},"1":{"loc":{"start":{"line":29,"column":6},"end":{"line":31,"column":null}},"type":"if","locations":[{"start":{"line":29,"column":6},"end":{"line":31,"column":null}},{"start":{},"end":{}}],"line":29},"2":{"loc":{"start":{"line":29,"column":10},"end":{"line":29,"column":78}},"type":"binary-expr","locations":[{"start":{"line":29,"column":10},"end":{"line":29,"column":45}},{"start":{"line":29,"column":45},"end":{"line":29,"column":78}}],"line":29},"3":{"loc":{"start":{"line":46,"column":6},"end":{"line":48,"column":null}},"type":"if","locations":[{"start":{"line":46,"column":6},"end":{"line":48,"column":null}},{"start":{},"end":{}}],"line":46},"4":{"loc":{"start":{"line":46,"column":10},"end":{"line":46,"column":56}},"type":"binary-expr","locations":[{"start":{"line":46,"column":10},"end":{"line":46,"column":33}},{"start":{"line":46,"column":33},"end":{"line":46,"column":56}}],"line":46},"5":{"loc":{"start":{"line":55,"column":4},"end":{"line":55,"column":null}},"type":"if","locations":[{"start":{"line":55,"column":4},"end":{"line":55,"column":null}},{"start":{},"end":{}}],"line":55},"6":{"loc":{"start":{"line":64,"column":6},"end":{"line":67,"column":null}},"type":"binary-expr","locations":[{"start":{"line":64,"column":6},"end":{"line":64,"column":null}},{"start":{"line":65,"column":6},"end":{"line":65,"column":null}},{"start":{"line":66,"column":6},"end":{"line":66,"column":null}},{"start":{"line":67,"column":6},"end":{"line":67,"column":null}}],"line":64}},"s":{"0":4202,"1":4202,"2":5,"3":87957,"4":96,"5":4127,"6":140649,"7":2521953,"8":53458,"9":87191,"10":16,"11":4277,"12":91066,"13":4120,"14":45497,"15":4114,"16":6,"17":4104,"18":4104,"19":1,"20":4103,"21":4103,"22":4103,"23":212601,"24":4006,"25":4006,"26":85989,"27":4006},"f":{"0":4202,"1":5,"2":87957,"3":96,"4":4127,"5":140649,"6":16,"7":4277,"8":91066,"9":4120,"10":4104,"11":212601,"12":4006},"b":{"0":[4202],"1":[53458,2468495],"2":[2521953,341795],"3":[4114,41383],"4":[45497,5979],"5":[1,4103],"6":[212601,199684,186860,162783]},"meta":{"lastBranch":7,"lastFunction":13,"lastStatement":28,"seen":{"s:5:44:5:Infinity":0,"f:7:2:7:14":0,"b:7:29:7:32":0,"s:8:4:8:Infinity":1,"f:11:2:11:20":1,"s:12:4:12:Infinity":2,"f:15:2:15:11":2,"s:16:4:16:Infinity":3,"f:19:2:19:14":3,"s:20:4:20:Infinity":4,"f:23:2:23:11":4,"s:24:4:24:Infinity":5,"f:27:2:27:13":5,"s:28:4:32:Infinity":6,"b:29:6:31:Infinity:undefined:undefined:undefined:undefined":1,"s:29:6:31:Infinity":7,"b:29:10:29:45:29:45:29:78":2,"s:30:8:30:Infinity":8,"s:33:4:33:Infinity":9,"f:36:2:36:31":6,"s:37:4:37:Infinity":10,"f:40:2:40:19":7,"s:41:4:41:Infinity":11,"f:41:51:41:52":8,"s:41:58:41:75":12,"f:44:2:44:12":9,"s:45:4:49:Infinity":13,"b:46:6:48:Infinity:undefined:undefined:undefined:undefined":3,"s:46:6:48:Infinity":14,"b:46:10:46:33:46:33:46:56":4,"s:47:8:47:Infinity":15,"s:50:4:50:Infinity":16,"f:53:2:53:12":10,"s:54:18:54:Infinity":17,"b:55:4:55:Infinity:undefined:undefined:undefined:undefined":5,"s:55:4:55:Infinity":18,"s:55:16:55:Infinity":19,"s:57:4:57:Infinity":20,"s:58:4:58:Infinity":21,"s:59:4:59:Infinity":22,"f:62:2:62:18":11,"s:63:4:67:Infinity":23,"b:64:6:64:Infinity:65:6:65:Infinity:66:6:66:Infinity:67:6:67:Infinity":6,"f:71:2:71:17":12,"s:72:19:72:Infinity":24,"s:73:4:78:Infinity":25,"s:74:6:77:Infinity":26,"s:79:4:79:Infinity":27}}}
,"C:\\Users\\aymer\\Workspace\\Web\\2026\\GGJ-2026\\src\\game\\Game.ts": {"path":"C:\\Users\\aymer\\Workspace\\Web\\2026\\GGJ-2026\\src\\game\\Game.ts","statementMap":{"0":{"start":{"line":12,"column":37},"end":{"line":12,"column":null}},"1":{"start":{"line":13,"column":31},"end":{"line":13,"column":null}},"2":{"start":{"line":14,"column":34},"end":{"line":14,"column":null}},"3":{"start":{"line":15,"column":35},"end":{"line":15,"column":null}},"4":{"start":{"line":18,"column":38},"end":{"line":18,"column":null}},"5":{"start":{"line":19,"column":44},"end":{"line":19,"column":null}},"6":{"start":{"line":20,"column":40},"end":{"line":20,"column":null}},"7":{"start":{"line":21,"column":39},"end":{"line":21,"column":null}},"8":{"start":{"line":24,"column":4},"end":{"line":24,"column":null}},"9":{"start":{"line":28,"column":4},"end":{"line":28,"column":null}},"10":{"start":{"line":32,"column":4},"end":{"line":32,"column":null}},"11":{"start":{"line":36,"column":4},"end":{"line":36,"column":null}},"12":{"start":{"line":40,"column":4},"end":{"line":40,"column":null}},"13":{"start":{"line":44,"column":4},"end":{"line":50,"column":null}},"14":{"start":{"line":54,"column":39},"end":{"line":54,"column":null}},"15":{"start":{"line":57,"column":4},"end":{"line":60,"column":null}},"16":{"start":{"line":57,"column":17},"end":{"line":57,"column":20}},"17":{"start":{"line":58,"column":6},"end":{"line":58,"column":null}},"18":{"start":{"line":59,"column":6},"end":{"line":59,"column":null}},"19":{"start":{"line":63,"column":4},"end":{"line":66,"column":null}},"20":{"start":{"line":63,"column":17},"end":{"line":63,"column":20}},"21":{"start":{"line":64,"column":6},"end":{"line":64,"column":null}},"22":{"start":{"line":65,"column":6},"end":{"line":65,"column":null}},"23":{"start":{"line":70,"column":4},"end":{"line":77,"column":null}},"24":{"start":{"line":81,"column":4},"end":{"line":81,"column":null}},"25":{"start":{"line":81,"column":42},"end":{"line":81,"column":null}},"26":{"start":{"line":82,"column":4},"end":{"line":82,"column":null}},"27":{"start":{"line":82,"column":76},"end":{"line":82,"column":null}},"28":{"start":{"line":83,"column":4},"end":{"line":83,"column":null}},"29":{"start":{"line":87,"column":18},"end":{"line":87,"column":null}},"30":{"start":{"line":88,"column":4},"end":{"line":88,"column":null}},"31":{"start":{"line":88,"column":16},"end":{"line":88,"column":null}},"32":{"start":{"line":89,"column":4},"end":{"line":89,"column":null}},"33":{"start":{"line":93,"column":4},"end":{"line":95,"column":null}},"34":{"start":{"line":94,"column":6},"end":{"line":94,"column":null}},"35":{"start":{"line":97,"column":18},"end":{"line":97,"column":null}},"36":{"start":{"line":98,"column":4},"end":{"line":100,"column":null}},"37":{"start":{"line":99,"column":6},"end":{"line":99,"column":null}},"38":{"start":{"line":102,"column":4},"end":{"line":104,"column":null}},"39":{"start":{"line":103,"column":6},"end":{"line":103,"column":null}},"40":{"start":{"line":107,"column":26},"end":{"line":107,"column":null}},"41":{"start":{"line":108,"column":4},"end":{"line":112,"column":null}},"42":{"start":{"line":109,"column":6},"end":{"line":109,"column":null}},"43":{"start":{"line":110,"column":6},"end":{"line":110,"column":null}},"44":{"start":{"line":111,"column":6},"end":{"line":111,"column":null}},"45":{"start":{"line":115,"column":4},"end":{"line":115,"column":null}},"46":{"start":{"line":116,"column":4},"end":{"line":116,"column":null}},"47":{"start":{"line":119,"column":4},"end":{"line":119,"column":null}},"48":{"start":{"line":122,"column":4},"end":{"line":122,"column":null}},"49":{"start":{"line":125,"column":4},"end":{"line":125,"column":null}},"50":{"start":{"line":127,"column":4},"end":{"line":132,"column":null}},"51":{"start":{"line":128,"column":21},"end":{"line":128,"column":null}},"52":{"start":{"line":129,"column":6},"end":{"line":129,"column":null}},"53":{"start":{"line":130,"column":4},"end":{"line":132,"column":null}},"54":{"start":{"line":131,"column":6},"end":{"line":131,"column":null}},"55":{"start":{"line":135,"column":4},"end":{"line":135,"column":null}},"56":{"start":{"line":137,"column":4},"end":{"line":137,"column":null}},"57":{"start":{"line":141,"column":4},"end":{"line":141,"column":null}},"58":{"start":{"line":142,"column":4},"end":{"line":144,"column":null}},"59":{"start":{"line":143,"column":6},"end":{"line":143,"column":null}},"60":{"start":{"line":148,"column":4},"end":{"line":148,"column":null}}},"fnMap":{"0":{"name":"(anonymous_0)","decl":{"start":{"line":23,"column":2},"end":{"line":23,"column":14}},"loc":{"start":{"line":23,"column":37},"end":{"line":25,"column":null}},"line":23},"1":{"name":"(anonymous_1)","decl":{"start":{"line":27,"column":2},"end":{"line":27,"column":20}},"loc":{"start":{"line":27,"column":20},"end":{"line":29,"column":null}},"line":27},"2":{"name":"(anonymous_2)","decl":{"start":{"line":31,"column":2},"end":{"line":31,"column":32}},"loc":{"start":{"line":31,"column":32},"end":{"line":33,"column":null}},"line":31},"3":{"name":"(anonymous_3)","decl":{"start":{"line":35,"column":2},"end":{"line":35,"column":26}},"loc":{"start":{"line":35,"column":26},"end":{"line":37,"column":null}},"line":35},"4":{"name":"(anonymous_4)","decl":{"start":{"line":39,"column":2},"end":{"line":39,"column":30}},"loc":{"start":{"line":39,"column":30},"end":{"line":41,"column":null}},"line":39},"5":{"name":"(anonymous_5)","decl":{"start":{"line":43,"column":2},"end":{"line":43,"column":24}},"loc":{"start":{"line":43,"column":24},"end":{"line":51,"column":null}},"line":43},"6":{"name":"(anonymous_6)","decl":{"start":{"line":53,"column":2},"end":{"line":53,"column":31}},"loc":{"start":{"line":53,"column":31},"end":{"line":67,"column":null}},"line":53},"7":{"name":"(anonymous_7)","decl":{"start":{"line":69,"column":10},"end":{"line":69,"column":22}},"loc":{"start":{"line":69,"column":91},"end":{"line":78,"column":null}},"line":69},"8":{"name":"(anonymous_8)","decl":{"start":{"line":80,"column":2},"end":{"line":80,"column":16}},"loc":{"start":{"line":80,"column":43},"end":{"line":84,"column":null}},"line":80},"9":{"name":"(anonymous_9)","decl":{"start":{"line":86,"column":2},"end":{"line":86,"column":27}},"loc":{"start":{"line":86,"column":55},"end":{"line":90,"column":null}},"line":86},"10":{"name":"(anonymous_10)","decl":{"start":{"line":92,"column":2},"end":{"line":92,"column":14}},"loc":{"start":{"line":92,"column":35},"end":{"line":138,"column":null}},"line":92},"11":{"name":"(anonymous_11)","decl":{"start":{"line":140,"column":10},"end":{"line":140,"column":27}},"loc":{"start":{"line":140,"column":27},"end":{"line":145,"column":null}},"line":140},"12":{"name":"(anonymous_12)","decl":{"start":{"line":147,"column":2},"end":{"line":147,"column":24}},"loc":{"start":{"line":147,"column":24},"end":{"line":149,"column":null}},"line":147}},"branchMap":{"0":{"loc":{"start":{"line":23,"column":14},"end":{"line":23,"column":37}},"type":"default-arg","locations":[{"start":{"line":23,"column":34},"end":{"line":23,"column":37}}],"line":23},"1":{"loc":{"start":{"line":81,"column":4},"end":{"line":81,"column":null}},"type":"if","locations":[{"start":{"line":81,"column":4},"end":{"line":81,"column":null}},{"start":{},"end":{}}],"line":81},"2":{"loc":{"start":{"line":82,"column":4},"end":{"line":82,"column":null}},"type":"if","locations":[{"start":{"line":82,"column":4},"end":{"line":82,"column":null}},{"start":{},"end":{}}],"line":82},"3":{"loc":{"start":{"line":82,"column":8},"end":{"line":82,"column":76}},"type":"binary-expr","locations":[{"start":{"line":82,"column":8},"end":{"line":82,"column":43}},{"start":{"line":82,"column":43},"end":{"line":82,"column":76}}],"line":82},"4":{"loc":{"start":{"line":88,"column":4},"end":{"line":88,"column":null}},"type":"if","locations":[{"start":{"line":88,"column":4},"end":{"line":88,"column":null}},{"start":{},"end":{}}],"line":88},"5":{"loc":{"start":{"line":93,"column":4},"end":{"line":95,"column":null}},"type":"if","locations":[{"start":{"line":93,"column":4},"end":{"line":95,"column":null}},{"start":{},"end":{}}],"line":93},"6":{"loc":{"start":{"line":93,"column":8},"end":{"line":93,"column":76}},"type":"binary-expr","locations":[{"start":{"line":93,"column":8},"end":{"line":93,"column":43}},{"start":{"line":93,"column":43},"end":{"line":93,"column":76}}],"line":93},"7":{"loc":{"start":{"line":98,"column":4},"end":{"line":100,"column":null}},"type":"if","locations":[{"start":{"line":98,"column":4},"end":{"line":100,"column":null}},{"start":{},"end":{}}],"line":98},"8":{"loc":{"start":{"line":98,"column":8},"end":{"line":98,"column":52}},"type":"binary-expr","locations":[{"start":{"line":98,"column":8},"end":{"line":98,"column":18}},{"start":{"line":98,"column":18},"end":{"line":98,"column":52}}],"line":98},"9":{"loc":{"start":{"line":102,"column":4},"end":{"line":104,"column":null}},"type":"if","locations":[{"start":{"line":102,"column":4},"end":{"line":104,"column":null}},{"start":{},"end":{}}],"line":102},"10":{"loc":{"start":{"line":108,"column":4},"end":{"line":112,"column":null}},"type":"if","locations":[{"start":{"line":108,"column":4},"end":{"line":112,"column":null}},{"start":{},"end":{}}],"line":108},"11":{"loc":{"start":{"line":127,"column":4},"end":{"line":132,"column":null}},"type":"if","locations":[{"start":{"line":127,"column":4},"end":{"line":132,"column":null}},{"start":{"line":130,"column":4},"end":{"line":132,"column":null}}],"line":127},"12":{"loc":{"start":{"line":128,"column":21},"end":{"line":128,"column":null}},"type":"cond-expr","locations":[{"start":{"line":128,"column":52},"end":{"line":128,"column":62}},{"start":{"line":128,"column":62},"end":{"line":128,"column":null}}],"line":128},"13":{"loc":{"start":{"line":130,"column":4},"end":{"line":132,"column":null}},"type":"if","locations":[{"start":{"line":130,"column":4},"end":{"line":132,"column":null}},{"start":{},"end":{}}],"line":130},"14":{"loc":{"start":{"line":141,"column":23},"end":{"line":141,"column":null}},"type":"cond-expr","locations":[{"start":{"line":141,"column":54},"end":{"line":141,"column":64}},{"start":{"line":141,"column":64},"end":{"line":141,"column":null}}],"line":141},"15":{"loc":{"start":{"line":142,"column":4},"end":{"line":144,"column":null}},"type":"if","locations":[{"start":{"line":142,"column":4},"end":{"line":144,"column":null}},{"start":{},"end":{}}],"line":142},"16":{"loc":{"start":{"line":148,"column":11},"end":{"line":148,"column":null}},"type":"binary-expr","locations":[{"start":{"line":148,"column":11},"end":{"line":148,"column":46}},{"start":{"line":148,"column":46},"end":{"line":148,"column":null}}],"line":148}},"s":{"0":108,"1":108,"2":108,"3":108,"4":108,"5":108,"6":108,"7":108,"8":108,"9":1211,"10":22,"11":11,"12":6,"13":2,"14":53,"15":53,"16":53,"17":424,"18":424,"19":53,"20":53,"21":424,"22":424,"23":1696,"24":4,"25":1,"26":3,"27":0,"28":3,"29":2,"30":2,"31":1,"32":1,"33":100,"34":0,"35":100,"36":100,"37":2,"38":98,"39":1,"40":97,"41":97,"42":20,"43":20,"44":20,"45":97,"46":97,"47":97,"48":100,"49":100,"50":100,"51":2,"52":2,"53":95,"54":2,"55":97,"56":100,"57":97,"58":97,"59":20,"60":13},"f":{"0":108,"1":1211,"2":22,"3":11,"4":6,"5":2,"6":53,"7":1696,"8":4,"9":2,"10":100,"11":97,"12":13},"b":{"0":[108],"1":[1,3],"2":[0,3],"3":[3,3],"4":[1,1],"5":[0,100],"6":[100,100],"7":[2,98],"8":[100,99],"9":[1,97],"10":[20,77],"11":[2,95],"12":[0,2],"13":[2,93],"14":[77,20],"15":[20,77],"16":[13,12]},"meta":{"lastBranch":17,"lastFunction":13,"lastStatement":61,"seen":{"s:12:37:12:Infinity":0,"s:13:31:13:Infinity":1,"s:14:34:14:Infinity":2,"s:15:35:15:Infinity":3,"s:18:38:18:Infinity":4,"s:19:44:19:Infinity":5,"s:20:40:20:Infinity":6,"s:21:39:21:Infinity":7,"f:23:2:23:14":0,"b:23:34:23:37":0,"s:24:4:24:Infinity":8,"f:27:2:27:20":1,"s:28:4:28:Infinity":9,"f:31:2:31:32":2,"s:32:4:32:Infinity":10,"f:35:2:35:26":3,"s:36:4:36:Infinity":11,"f:39:2:39:30":4,"s:40:4:40:Infinity":12,"f:43:2:43:24":5,"s:44:4:50:Infinity":13,"f:53:2:53:31":6,"s:54:39:54:Infinity":14,"s:57:4:60:Infinity":15,"s:57:17:57:20":16,"s:58:6:58:Infinity":17,"s:59:6:59:Infinity":18,"s:63:4:66:Infinity":19,"s:63:17:63:20":20,"s:64:6:64:Infinity":21,"s:65:6:65:Infinity":22,"f:69:10:69:22":7,"s:70:4:77:Infinity":23,"f:80:2:80:16":8,"b:81:4:81:Infinity:undefined:undefined:undefined:undefined":1,"s:81:4:81:Infinity":24,"s:81:42:81:Infinity":25,"b:82:4:82:Infinity:undefined:undefined:undefined:undefined":2,"s:82:4:82:Infinity":26,"b:82:8:82:43:82:43:82:76":3,"s:82:76:82:Infinity":27,"s:83:4:83:Infinity":28,"f:86:2:86:27":9,"s:87:18:87:Infinity":29,"b:88:4:88:Infinity:undefined:undefined:undefined:undefined":4,"s:88:4:88:Infinity":30,"s:88:16:88:Infinity":31,"s:89:4:89:Infinity":32,"f:92:2:92:14":10,"b:93:4:95:Infinity:undefined:undefined:undefined:undefined":5,"s:93:4:95:Infinity":33,"b:93:8:93:43:93:43:93:76":6,"s:94:6:94:Infinity":34,"s:97:18:97:Infinity":35,"b:98:4:100:Infinity:undefined:undefined:undefined:undefined":7,"s:98:4:100:Infinity":36,"b:98:8:98:18:98:18:98:52":8,"s:99:6:99:Infinity":37,"b:102:4:104:Infinity:undefined:undefined:undefined:undefined":9,"s:102:4:104:Infinity":38,"s:103:6:103:Infinity":39,"s:107:26:107:Infinity":40,"b:108:4:112:Infinity:undefined:undefined:undefined:undefined":10,"s:108:4:112:Infinity":41,"s:109:6:109:Infinity":42,"s:110:6:110:Infinity":43,"s:111:6:111:Infinity":44,"s:115:4:115:Infinity":45,"s:116:4:116:Infinity":46,"s:119:4:119:Infinity":47,"s:122:4:122:Infinity":48,"s:125:4:125:Infinity":49,"b:127:4:132:Infinity:130:4:132:Infinity":11,"s:127:4:132:Infinity":50,"s:128:21:128:Infinity":51,"b:128:52:128:62:128:62:128:Infinity":12,"s:129:6:129:Infinity":52,"b:130:4:132:Infinity:undefined:undefined:undefined:undefined":13,"s:130:4:132:Infinity":53,"s:131:6:131:Infinity":54,"s:135:4:135:Infinity":55,"s:137:4:137:Infinity":56,"f:140:10:140:27":11,"s:141:4:141:Infinity":57,"b:141:54:141:64:141:64:141:Infinity":14,"b:142:4:144:Infinity:undefined:undefined:undefined:undefined":15,"s:142:4:144:Infinity":58,"s:143:6:143:Infinity":59,"f:147:2:147:24":12,"s:148:4:148:Infinity":60,"b:148:11:148:46:148:46:148:Infinity":16}}}
,"C:\\Users\\aymer\\Workspace\\Web\\2026\\GGJ-2026\\src\\game\\pieces\\MoveValidator.ts": {"path":"C:\\Users\\aymer\\Workspace\\Web\\2026\\GGJ-2026\\src\\game\\pieces\\MoveValidator.ts","statementMap":{"0":{"start":{"line":6,"column":15},"end":{"line":6,"column":null}},"1":{"start":{"line":7,"column":2},"end":{"line":7,"column":null}},"2":{"start":{"line":7,"column":13},"end":{"line":7,"column":null}},"3":{"start":{"line":9,"column":21},"end":{"line":9,"column":null}},"4":{"start":{"line":10,"column":8},"end":{"line":10,"column":null}},"5":{"start":{"line":12,"column":2},"end":{"line":12,"column":null}},"6":{"start":{"line":16,"column":8},"end":{"line":16,"column":null}},"7":{"start":{"line":17,"column":24},"end":{"line":19,"column":null}},"8":{"start":{"line":18,"column":13},"end":{"line":18,"column":null}},"9":{"start":{"line":21,"column":2},"end":{"line":21,"column":null}},"10":{"start":{"line":21,"column":22},"end":{"line":21,"column":null}},"11":{"start":{"line":24,"column":22},"end":{"line":24,"column":null}},"12":{"start":{"line":25,"column":22},"end":{"line":25,"column":null}},"13":{"start":{"line":26,"column":2},"end":{"line":26,"column":null}},"14":{"start":{"line":26,"column":20},"end":{"line":26,"column":null}},"15":{"start":{"line":29,"column":22},"end":{"line":29,"column":null}},"16":{"start":{"line":30,"column":2},"end":{"line":32,"column":null}},"17":{"start":{"line":31,"column":4},"end":{"line":31,"column":null}},"18":{"start":{"line":35,"column":2},"end":{"line":35,"column":null}},"19":{"start":{"line":38,"column":2},"end":{"line":38,"column":null}},"20":{"start":{"line":42,"column":8},"end":{"line":42,"column":null}},"21":{"start":{"line":43,"column":29},"end":{"line":43,"column":null}},"22":{"start":{"line":45,"column":2},"end":{"line":55,"column":null}},"23":{"start":{"line":46,"column":4},"end":{"line":54,"column":null}},"24":{"start":{"line":47,"column":26},"end":{"line":47,"column":null}},"25":{"start":{"line":48,"column":6},"end":{"line":53,"column":null}},"26":{"start":{"line":57,"column":2},"end":{"line":57,"column":null}},"27":{"start":{"line":61,"column":17},"end":{"line":61,"column":null}},"28":{"start":{"line":62,"column":27},"end":{"line":62,"column":null}},"29":{"start":{"line":64,"column":2},"end":{"line":67,"column":null}},"30":{"start":{"line":65,"column":18},"end":{"line":65,"column":null}},"31":{"start":{"line":66,"column":4},"end":{"line":66,"column":null}},"32":{"start":{"line":69,"column":2},"end":{"line":69,"column":null}},"33":{"start":{"line":73,"column":24},"end":{"line":73,"column":null}},"34":{"start":{"line":74,"column":18},"end":{"line":74,"column":null}},"35":{"start":{"line":76,"column":2},"end":{"line":78,"column":null}},"36":{"start":{"line":77,"column":4},"end":{"line":77,"column":null}},"37":{"start":{"line":80,"column":2},"end":{"line":80,"column":null}}},"fnMap":{"0":{"name":"isKingInCheck","decl":{"start":{"line":5,"column":16},"end":{"line":5,"column":30}},"loc":{"start":{"line":5,"column":73},"end":{"line":13,"column":null}},"line":5},"1":{"name":"isLegalMove","decl":{"start":{"line":15,"column":16},"end":{"line":15,"column":28}},"loc":{"start":{"line":15,"column":84},"end":{"line":39,"column":null}},"line":15},"2":{"name":"(anonymous_2)","decl":{"start":{"line":18,"column":4},"end":{"line":18,"column":5}},"loc":{"start":{"line":18,"column":13},"end":{"line":18,"column":null}},"line":18},"3":{"name":"getLegalMoves","decl":{"start":{"line":41,"column":16},"end":{"line":41,"column":30}},"loc":{"start":{"line":41,"column":71},"end":{"line":58,"column":null}},"line":41},"4":{"name":"getAllLegalMoves","decl":{"start":{"line":60,"column":16},"end":{"line":60,"column":33}},"loc":{"start":{"line":60,"column":75},"end":{"line":70,"column":null}},"line":60},"5":{"name":"getGameStatus","decl":{"start":{"line":72,"column":16},"end":{"line":72,"column":30}},"loc":{"start":{"line":72,"column":76},"end":{"line":81,"column":null}},"line":72}},"branchMap":{"0":{"loc":{"start":{"line":7,"column":2},"end":{"line":7,"column":null}},"type":"if","locations":[{"start":{"line":7,"column":2},"end":{"line":7,"column":null}},{"start":{},"end":{}}],"line":7},"1":{"loc":{"start":{"line":9,"column":21},"end":{"line":9,"column":null}},"type":"cond-expr","locations":[{"start":{"line":9,"column":41},"end":{"line":9,"column":51}},{"start":{"line":9,"column":51},"end":{"line":9,"column":null}}],"line":9},"2":{"loc":{"start":{"line":18,"column":13},"end":{"line":18,"column":null}},"type":"binary-expr","locations":[{"start":{"line":18,"column":13},"end":{"line":18,"column":31}},{"start":{"line":18,"column":31},"end":{"line":18,"column":null}}],"line":18},"3":{"loc":{"start":{"line":21,"column":2},"end":{"line":21,"column":null}},"type":"if","locations":[{"start":{"line":21,"column":2},"end":{"line":21,"column":null}},{"start":{},"end":{}}],"line":21},"4":{"loc":{"start":{"line":26,"column":2},"end":{"line":26,"column":null}},"type":"if","locations":[{"start":{"line":26,"column":2},"end":{"line":26,"column":null}},{"start":{},"end":{}}],"line":26},"5":{"loc":{"start":{"line":30,"column":2},"end":{"line":32,"column":null}},"type":"if","locations":[{"start":{"line":30,"column":2},"end":{"line":32,"column":null}},{"start":{},"end":{}}],"line":30},"6":{"loc":{"start":{"line":46,"column":4},"end":{"line":54,"column":null}},"type":"if","locations":[{"start":{"line":46,"column":4},"end":{"line":54,"column":null}},{"start":{},"end":{}}],"line":46},"7":{"loc":{"start":{"line":76,"column":2},"end":{"line":78,"column":null}},"type":"if","locations":[{"start":{"line":76,"column":2},"end":{"line":78,"column":null}},{"start":{},"end":{}}],"line":76},"8":{"loc":{"start":{"line":77,"column":11},"end":{"line":77,"column":null}},"type":"cond-expr","locations":[{"start":{"line":77,"column":21},"end":{"line":77,"column":35}},{"start":{"line":77,"column":35},"end":{"line":77,"column":null}}],"line":77},"9":{"loc":{"start":{"line":80,"column":9},"end":{"line":80,"column":null}},"type":"cond-expr","locations":[{"start":{"line":80,"column":19},"end":{"line":80,"column":29}},{"start":{"line":80,"column":29},"end":{"line":80,"column":null}}],"line":80}},"s":{"0":4114,"1":4114,"2":5,"3":4109,"4":4114,"5":4114,"6":2971,"7":2971,"8":10378,"9":2971,"10":2,"11":2969,"12":2969,"13":2969,"14":0,"15":2969,"16":2969,"17":60,"18":2969,"19":2969,"20":1456,"21":1456,"22":1456,"23":2867,"24":2700,"25":2700,"26":1456,"27":159,"28":159,"29":159,"30":1449,"31":1449,"32":159,"33":103,"34":103,"35":103,"36":7,"37":96},"f":{"0":4114,"1":2971,"2":10378,"3":1456,"4":159,"5":103},"b":{"0":[5,4109],"1":[1827,2282],"2":[10378,4390],"3":[2,2969],"4":[0,2969],"5":[60,2909],"6":[2700,167],"7":[7,96],"8":[4,3],"9":[24,72]},"meta":{"lastBranch":10,"lastFunction":6,"lastStatement":38,"seen":{"f:5:16:5:30":0,"s:6:15:6:Infinity":0,"b:7:2:7:Infinity:undefined:undefined:undefined:undefined":0,"s:7:2:7:Infinity":1,"s:7:13:7:Infinity":2,"s:9:21:9:Infinity":3,"b:9:41:9:51:9:51:9:Infinity":1,"s:10:8:10:Infinity":4,"s:12:2:12:Infinity":5,"f:15:16:15:28":1,"s:16:8:16:Infinity":6,"s:17:24:19:Infinity":7,"f:18:4:18:5":2,"s:18:13:18:Infinity":8,"b:18:13:18:31:18:31:18:Infinity":2,"b:21:2:21:Infinity:undefined:undefined:undefined:undefined":3,"s:21:2:21:Infinity":9,"s:21:22:21:Infinity":10,"s:24:22:24:Infinity":11,"s:25:22:25:Infinity":12,"b:26:2:26:Infinity:undefined:undefined:undefined:undefined":4,"s:26:2:26:Infinity":13,"s:26:20:26:Infinity":14,"s:29:22:29:Infinity":15,"b:30:2:32:Infinity:undefined:undefined:undefined:undefined":5,"s:30:2:32:Infinity":16,"s:31:4:31:Infinity":17,"s:35:2:35:Infinity":18,"s:38:2:38:Infinity":19,"f:41:16:41:30":3,"s:42:8:42:Infinity":20,"s:43:29:43:Infinity":21,"s:45:2:55:Infinity":22,"b:46:4:54:Infinity:undefined:undefined:undefined:undefined":6,"s:46:4:54:Infinity":23,"s:47:26:47:Infinity":24,"s:48:6:53:Infinity":25,"s:57:2:57:Infinity":26,"f:60:16:60:33":4,"s:61:17:61:Infinity":27,"s:62:27:62:Infinity":28,"s:64:2:67:Infinity":29,"s:65:18:65:Infinity":30,"s:66:4:66:Infinity":31,"s:69:2:69:Infinity":32,"f:72:16:72:30":5,"s:73:24:73:Infinity":33,"s:74:18:74:Infinity":34,"b:76:2:78:Infinity:undefined:undefined:undefined:undefined":7,"s:76:2:78:Infinity":35,"s:77:4:77:Infinity":36,"b:77:21:77:35:77:35:77:Infinity":8,"s:80:2:80:Infinity":37,"b:80:19:80:29:80:29:80:Infinity":9}}}
,"C:\\Users\\aymer\\Workspace\\Web\\2026\\GGJ-2026\\src\\game\\pieces\\MovementRules.ts": {"path":"C:\\Users\\aymer\\Workspace\\Web\\2026\\GGJ-2026\\src\\game\\pieces\\MovementRules.ts","statementMap":{"0":{"start":{"line":5,"column":41},"end":{"line":9,"column":null}},"1":{"start":{"line":11,"column":43},"end":{"line":16,"column":null}},"2":{"start":{"line":18,"column":44},"end":{"line":20,"column":null}},"3":{"start":{"line":22,"column":46},"end":{"line":24,"column":null}},"4":{"start":{"line":26,"column":45},"end":{"line":29,"column":null}},"5":{"start":{"line":32,"column":2},"end":{"line":47,"column":null}},"6":{"start":{"line":34,"column":6},"end":{"line":34,"column":null}},"7":{"start":{"line":36,"column":6},"end":{"line":36,"column":null}},"8":{"start":{"line":38,"column":6},"end":{"line":38,"column":null}},"9":{"start":{"line":40,"column":6},"end":{"line":40,"column":null}},"10":{"start":{"line":42,"column":6},"end":{"line":42,"column":null}},"11":{"start":{"line":44,"column":6},"end":{"line":44,"column":null}},"12":{"start":{"line":46,"column":6},"end":{"line":46,"column":null}},"13":{"start":{"line":51,"column":28},"end":{"line":51,"column":null}},"14":{"start":{"line":52,"column":19},"end":{"line":52,"column":null}},"15":{"start":{"line":54,"column":2},"end":{"line":63,"column":null}},"16":{"start":{"line":55,"column":29},"end":{"line":55,"column":null}},"17":{"start":{"line":57,"column":4},"end":{"line":57,"column":null}},"18":{"start":{"line":57,"column":40},"end":{"line":57,"column":null}},"19":{"start":{"line":59,"column":24},"end":{"line":59,"column":null}},"20":{"start":{"line":60,"column":4},"end":{"line":62,"column":null}},"21":{"start":{"line":61,"column":6},"end":{"line":61,"column":null}},"22":{"start":{"line":65,"column":2},"end":{"line":65,"column":null}},"23":{"start":{"line":69,"column":28},"end":{"line":69,"column":null}},"24":{"start":{"line":70,"column":19},"end":{"line":70,"column":null}},"25":{"start":{"line":72,"column":2},"end":{"line":91,"column":null}},"26":{"start":{"line":73,"column":15},"end":{"line":73,"column":null}},"27":{"start":{"line":74,"column":15},"end":{"line":74,"column":null}},"28":{"start":{"line":76,"column":4},"end":{"line":90,"column":null}},"29":{"start":{"line":77,"column":26},"end":{"line":77,"column":null}},"30":{"start":{"line":79,"column":6},"end":{"line":86,"column":null}},"31":{"start":{"line":80,"column":8},"end":{"line":80,"column":null}},"32":{"start":{"line":82,"column":8},"end":{"line":84,"column":null}},"33":{"start":{"line":83,"column":10},"end":{"line":83,"column":null}},"34":{"start":{"line":85,"column":8},"end":{"line":85,"column":null}},"35":{"start":{"line":88,"column":6},"end":{"line":88,"column":null}},"36":{"start":{"line":89,"column":6},"end":{"line":89,"column":null}},"37":{"start":{"line":93,"column":2},"end":{"line":93,"column":null}},"38":{"start":{"line":97,"column":28},"end":{"line":97,"column":null}},"39":{"start":{"line":98,"column":19},"end":{"line":98,"column":null}},"40":{"start":{"line":99,"column":20},"end":{"line":99,"column":null}},"41":{"start":{"line":100,"column":19},"end":{"line":100,"column":null}},"42":{"start":{"line":103,"column":31},"end":{"line":103,"column":null}},"43":{"start":{"line":104,"column":2},"end":{"line":114,"column":null}},"44":{"start":{"line":105,"column":4},"end":{"line":105,"column":null}},"45":{"start":{"line":108,"column":4},"end":{"line":113,"column":null}},"46":{"start":{"line":109,"column":35},"end":{"line":109,"column":null}},"47":{"start":{"line":110,"column":6},"end":{"line":112,"column":null}},"48":{"start":{"line":111,"column":8},"end":{"line":111,"column":null}},"49":{"start":{"line":117,"column":25},"end":{"line":120,"column":null}},"50":{"start":{"line":122,"column":2},"end":{"line":129,"column":null}},"51":{"start":{"line":123,"column":4},"end":{"line":123,"column":null}},"52":{"start":{"line":123,"column":44},"end":{"line":123,"column":null}},"53":{"start":{"line":125,"column":24},"end":{"line":125,"column":null}},"54":{"start":{"line":126,"column":4},"end":{"line":128,"column":null}},"55":{"start":{"line":127,"column":6},"end":{"line":127,"column":null}},"56":{"start":{"line":131,"column":2},"end":{"line":131,"column":null}},"57":{"start":{"line":135,"column":19},"end":{"line":135,"column":null}},"58":{"start":{"line":136,"column":17},"end":{"line":136,"column":null}},"59":{"start":{"line":138,"column":2},"end":{"line":143,"column":null}},"60":{"start":{"line":139,"column":20},"end":{"line":139,"column":null}},"61":{"start":{"line":140,"column":4},"end":{"line":142,"column":null}},"62":{"start":{"line":141,"column":6},"end":{"line":141,"column":null}},"63":{"start":{"line":145,"column":2},"end":{"line":145,"column":null}},"64":{"start":{"line":149,"column":2},"end":{"line":151,"column":null}},"65":{"start":{"line":150,"column":4},"end":{"line":150,"column":null}},"66":{"start":{"line":152,"column":2},"end":{"line":152,"column":null}},"67":{"start":{"line":156,"column":19},"end":{"line":156,"column":null}},"68":{"start":{"line":157,"column":20},"end":{"line":157,"column":null}},"69":{"start":{"line":159,"column":2},"end":{"line":162,"column":null}}},"fnMap":{"0":{"name":"generatePseudoLegalMoves","decl":{"start":{"line":31,"column":16},"end":{"line":31,"column":41}},"loc":{"start":{"line":31,"column":86},"end":{"line":48,"column":null}},"line":31},"1":{"name":"getOffsetMoves","decl":{"start":{"line":50,"column":9},"end":{"line":50,"column":24}},"loc":{"start":{"line":50,"column":98},"end":{"line":66,"column":null}},"line":50},"2":{"name":"getSlidingMoves","decl":{"start":{"line":68,"column":9},"end":{"line":68,"column":25}},"loc":{"start":{"line":68,"column":102},"end":{"line":94,"column":null}},"line":68},"3":{"name":"getPawnMoves","decl":{"start":{"line":96,"column":9},"end":{"line":96,"column":22}},"loc":{"start":{"line":96,"column":67},"end":{"line":132,"column":null}},"line":96},"4":{"name":"getAttackedSquares","decl":{"start":{"line":134,"column":16},"end":{"line":134,"column":35}},"loc":{"start":{"line":134,"column":82},"end":{"line":146,"column":null}},"line":134},"5":{"name":"getAttackSquaresForPiece","decl":{"start":{"line":148,"column":9},"end":{"line":148,"column":34}},"loc":{"start":{"line":148,"column":79},"end":{"line":153,"column":null}},"line":148},"6":{"name":"getPawnAttackSquares","decl":{"start":{"line":155,"column":9},"end":{"line":155,"column":30}},"loc":{"start":{"line":155,"column":61},"end":{"line":163,"column":null}},"line":155}},"branchMap":{"0":{"loc":{"start":{"line":32,"column":2},"end":{"line":47,"column":null}},"type":"switch","locations":[{"start":{"line":33,"column":4},"end":{"line":34,"column":null}},{"start":{"line":35,"column":4},"end":{"line":36,"column":null}},{"start":{"line":37,"column":4},"end":{"line":38,"column":null}},{"start":{"line":39,"column":4},"end":{"line":40,"column":null}},{"start":{"line":41,"column":4},"end":{"line":42,"column":null}},{"start":{"line":43,"column":4},"end":{"line":44,"column":null}},{"start":{"line":45,"column":4},"end":{"line":46,"column":null}}],"line":32},"1":{"loc":{"start":{"line":57,"column":4},"end":{"line":57,"column":null}},"type":"if","locations":[{"start":{"line":57,"column":4},"end":{"line":57,"column":null}},{"start":{},"end":{}}],"line":57},"2":{"loc":{"start":{"line":60,"column":4},"end":{"line":62,"column":null}},"type":"if","locations":[{"start":{"line":60,"column":4},"end":{"line":62,"column":null}},{"start":{},"end":{}}],"line":60},"3":{"loc":{"start":{"line":60,"column":8},"end":{"line":60,"column":59}},"type":"binary-expr","locations":[{"start":{"line":60,"column":8},"end":{"line":60,"column":24}},{"start":{"line":60,"column":24},"end":{"line":60,"column":59}}],"line":60},"4":{"loc":{"start":{"line":79,"column":6},"end":{"line":86,"column":null}},"type":"if","locations":[{"start":{"line":79,"column":6},"end":{"line":86,"column":null}},{"start":{"line":81,"column":13},"end":{"line":86,"column":null}}],"line":79},"5":{"loc":{"start":{"line":82,"column":8},"end":{"line":84,"column":null}},"type":"if","locations":[{"start":{"line":82,"column":8},"end":{"line":84,"column":null}},{"start":{},"end":{}}],"line":82},"6":{"loc":{"start":{"line":99,"column":20},"end":{"line":99,"column":null}},"type":"cond-expr","locations":[{"start":{"line":99,"column":46},"end":{"line":99,"column":51}},{"start":{"line":99,"column":51},"end":{"line":99,"column":null}}],"line":99},"7":{"loc":{"start":{"line":100,"column":19},"end":{"line":100,"column":null}},"type":"cond-expr","locations":[{"start":{"line":100,"column":45},"end":{"line":100,"column":49}},{"start":{"line":100,"column":49},"end":{"line":100,"column":null}}],"line":100},"8":{"loc":{"start":{"line":104,"column":2},"end":{"line":114,"column":null}},"type":"if","locations":[{"start":{"line":104,"column":2},"end":{"line":114,"column":null}},{"start":{},"end":{}}],"line":104},"9":{"loc":{"start":{"line":104,"column":6},"end":{"line":104,"column":74}},"type":"binary-expr","locations":[{"start":{"line":104,"column":6},"end":{"line":104,"column":43}},{"start":{"line":104,"column":43},"end":{"line":104,"column":74}}],"line":104},"10":{"loc":{"start":{"line":108,"column":4},"end":{"line":113,"column":null}},"type":"if","locations":[{"start":{"line":108,"column":4},"end":{"line":113,"column":null}},{"start":{},"end":{}}],"line":108},"11":{"loc":{"start":{"line":110,"column":6},"end":{"line":112,"column":null}},"type":"if","locations":[{"start":{"line":110,"column":6},"end":{"line":112,"column":null}},{"start":{},"end":{}}],"line":110},"12":{"loc":{"start":{"line":123,"column":4},"end":{"line":123,"column":null}},"type":"if","locations":[{"start":{"line":123,"column":4},"end":{"line":123,"column":null}},{"start":{},"end":{}}],"line":123},"13":{"loc":{"start":{"line":126,"column":4},"end":{"line":128,"column":null}},"type":"if","locations":[{"start":{"line":126,"column":4},"end":{"line":128,"column":null}},{"start":{},"end":{}}],"line":126},"14":{"loc":{"start":{"line":126,"column":8},"end":{"line":126,"column":58}},"type":"binary-expr","locations":[{"start":{"line":126,"column":8},"end":{"line":126,"column":23}},{"start":{"line":126,"column":23},"end":{"line":126,"column":58}}],"line":126},"15":{"loc":{"start":{"line":149,"column":2},"end":{"line":151,"column":null}},"type":"if","locations":[{"start":{"line":149,"column":2},"end":{"line":151,"column":null}},{"start":{},"end":{}}],"line":149},"16":{"loc":{"start":{"line":157,"column":20},"end":{"line":157,"column":null}},"type":"cond-expr","locations":[{"start":{"line":157,"column":46},"end":{"line":157,"column":51}},{"start":{"line":157,"column":51},"end":{"line":157,"column":null}}],"line":157}},"s":{"0":5,"1":5,"2":5,"3":5,"4":5,"5":27713,"6":4562,"7":3972,"8":5721,"9":5637,"10":5801,"11":2020,"12":0,"13":10363,"14":10363,"15":10363,"16":82904,"17":82904,"18":37842,"19":45062,"20":45062,"21":27504,"22":10363,"23":15330,"24":15330,"25":15330,"26":77208,"27":77208,"28":77208,"29":81211,"30":81211,"31":46420,"32":34791,"33":1321,"34":34791,"35":46420,"36":46420,"37":15330,"38":2020,"39":2020,"40":2020,"41":2020,"42":2020,"43":2020,"44":1981,"45":1981,"46":1954,"47":1954,"48":1947,"49":2020,"50":2020,"51":4040,"52":518,"53":3522,"54":3522,"55":31,"56":2020,"57":4112,"58":4112,"59":4112,"60":44129,"61":44129,"62":100005,"63":4112,"64":44129,"65":20869,"66":23260,"67":20869,"68":20869,"69":20869},"f":{"0":27713,"1":10363,"2":15330,"3":2020,"4":4112,"5":44129,"6":20869},"b":{"0":[4562,3972,5721,5637,5801,2020,0],"1":[37842,45062],"2":[27504,17558],"3":[45062,18305],"4":[46420,34791],"5":[1321,33470],"6":[836,1184],"7":[836,1184],"8":[1981,39],"9":[2020,2020],"10":[1954,27],"11":[1947,7],"12":[518,3522],"13":[31,3491],"14":[3522,110],"15":[20869,23260],"16":[11722,9147]},"meta":{"lastBranch":17,"lastFunction":7,"lastStatement":70,"seen":{"s:5:41:9:Infinity":0,"s:11:43:16:Infinity":1,"s:18:44:20:Infinity":2,"s:22:46:24:Infinity":3,"s:26:45:29:Infinity":4,"f:31:16:31:41":0,"b:33:4:34:Infinity:35:4:36:Infinity:37:4:38:Infinity:39:4:40:Infinity:41:4:42:Infinity:43:4:44:Infinity:45:4:46:Infinity":0,"s:32:2:47:Infinity":5,"s:34:6:34:Infinity":6,"s:36:6:36:Infinity":7,"s:38:6:38:Infinity":8,"s:40:6:40:Infinity":9,"s:42:6:42:Infinity":10,"s:44:6:44:Infinity":11,"s:46:6:46:Infinity":12,"f:50:9:50:24":1,"s:51:28:51:Infinity":13,"s:52:19:52:Infinity":14,"s:54:2:63:Infinity":15,"s:55:29:55:Infinity":16,"b:57:4:57:Infinity:undefined:undefined:undefined:undefined":1,"s:57:4:57:Infinity":17,"s:57:40:57:Infinity":18,"s:59:24:59:Infinity":19,"b:60:4:62:Infinity:undefined:undefined:undefined:undefined":2,"s:60:4:62:Infinity":20,"b:60:8:60:24:60:24:60:59":3,"s:61:6:61:Infinity":21,"s:65:2:65:Infinity":22,"f:68:9:68:25":2,"s:69:28:69:Infinity":23,"s:70:19:70:Infinity":24,"s:72:2:91:Infinity":25,"s:73:15:73:Infinity":26,"s:74:15:74:Infinity":27,"s:76:4:90:Infinity":28,"s:77:26:77:Infinity":29,"b:79:6:86:Infinity:81:13:86:Infinity":4,"s:79:6:86:Infinity":30,"s:80:8:80:Infinity":31,"b:82:8:84:Infinity:undefined:undefined:undefined:undefined":5,"s:82:8:84:Infinity":32,"s:83:10:83:Infinity":33,"s:85:8:85:Infinity":34,"s:88:6:88:Infinity":35,"s:89:6:89:Infinity":36,"s:93:2:93:Infinity":37,"f:96:9:96:22":3,"s:97:28:97:Infinity":38,"s:98:19:98:Infinity":39,"s:99:20:99:Infinity":40,"b:99:46:99:51:99:51:99:Infinity":6,"s:100:19:100:Infinity":41,"b:100:45:100:49:100:49:100:Infinity":7,"s:103:31:103:Infinity":42,"b:104:2:114:Infinity:undefined:undefined:undefined:undefined":8,"s:104:2:114:Infinity":43,"b:104:6:104:43:104:43:104:74":9,"s:105:4:105:Infinity":44,"b:108:4:113:Infinity:undefined:undefined:undefined:undefined":10,"s:108:4:113:Infinity":45,"s:109:35:109:Infinity":46,"b:110:6:112:Infinity:undefined:undefined:undefined:undefined":11,"s:110:6:112:Infinity":47,"s:111:8:111:Infinity":48,"s:117:25:120:Infinity":49,"s:122:2:129:Infinity":50,"b:123:4:123:Infinity:undefined:undefined:undefined:undefined":12,"s:123:4:123:Infinity":51,"s:123:44:123:Infinity":52,"s:125:24:125:Infinity":53,"b:126:4:128:Infinity:undefined:undefined:undefined:undefined":13,"s:126:4:128:Infinity":54,"b:126:8:126:23:126:23:126:58":14,"s:127:6:127:Infinity":55,"s:131:2:131:Infinity":56,"f:134:16:134:35":4,"s:135:19:135:Infinity":57,"s:136:17:136:Infinity":58,"s:138:2:143:Infinity":59,"s:139:20:139:Infinity":60,"s:140:4:142:Infinity":61,"s:141:6:141:Infinity":62,"s:145:2:145:Infinity":63,"f:148:9:148:34":5,"b:149:2:151:Infinity:undefined:undefined:undefined:undefined":15,"s:149:2:151:Infinity":64,"s:150:4:150:Infinity":65,"s:152:2:152:Infinity":66,"f:155:9:155:30":6,"s:156:19:156:Infinity":67,"s:157:20:157:Infinity":68,"b:157:46:157:51:157:51:157:Infinity":16,"s:159:2:162:Infinity":69}}}
}
